This file contains any messages produced by compilers while
running configure, to aid debugging if configure makes a mistake.

It was created by ssm configure 1.0.6, which was
generated by GNU Autoconf 2.69.  Invocation command line was

  $ ./configure 

## --------- ##
## Platform. ##
## --------- ##

hostname = raspberrypi
uname -m = armv7l
uname -r = 4.19.75-v7l+
uname -s = Linux
uname -v = #1270 SMP Tue Sep 24 18:51:41 BST 2019

/usr/bin/uname -p = unknown
/bin/uname -X     = unknown

/bin/arch              = unknown
/usr/bin/arch -k       = unknown
/usr/convex/getsysinfo = unknown
/usr/bin/hostinfo      = unknown
/bin/machine           = unknown
/usr/bin/oslevel       = unknown
/bin/universe          = unknown

PATH: /home/pi/.vscode-server/bin/ccbaa2d27e38e5afa3e5c21c1c7bef4657064247/bin
PATH: /usr/local/sbin
PATH: /usr/local/bin
PATH: /usr/sbin
PATH: /usr/bin
PATH: /sbin
PATH: /bin
PATH: /usr/local/games
PATH: /usr/games


## ----------- ##
## Core tests. ##
## ----------- ##

configure:2462: checking for a BSD-compatible install
configure:2530: result: /usr/bin/install -c
configure:2541: checking whether build environment is sane
configure:2596: result: yes
configure:2745: checking for a thread-safe mkdir -p
configure:2784: result: /bin/mkdir -p
configure:2791: checking for gawk
configure:2821: result: no
configure:2791: checking for mawk
configure:2807: found /usr/bin/mawk
configure:2818: result: mawk
configure:2829: checking whether make sets $(MAKE)
configure:2851: result: yes
configure:2880: checking whether make supports nested variables
configure:2897: result: yes
configure:3078: checking for gcc
configure:3094: found /usr/bin/gcc
configure:3105: result: gcc
configure:3334: checking for C compiler version
configure:3343: gcc --version >&5
gcc (Raspbian 8.3.0-6+rpi1) 8.3.0
Copyright (C) 2018 Free Software Foundation, Inc.
This is free software; see the source for copying conditions.  There is NO
warranty; not even for MERCHANTABILITY or FITNESS FOR A PARTICULAR PURPOSE.

configure:3354: $? = 0
configure:3343: gcc -v >&5
Using built-in specs.
COLLECT_GCC=gcc
COLLECT_LTO_WRAPPER=/usr/lib/gcc/arm-linux-gnueabihf/8/lto-wrapper
Target: arm-linux-gnueabihf
Configured with: ../src/configure -v --with-pkgversion='Raspbian 8.3.0-6+rpi1' --with-bugurl=file:///usr/share/doc/gcc-8/README.Bugs --enable-languages=c,ada,c++,go,d,fortran,objc,obj-c++ --prefix=/usr --with-gcc-major-version-only --program-suffix=-8 --program-prefix=arm-linux-gnueabihf- --enable-shared --enable-linker-build-id --libexecdir=/usr/lib --without-included-gettext --enable-threads=posix --libdir=/usr/lib --enable-nls --enable-bootstrap --enable-clocale=gnu --enable-libstdcxx-debug --enable-libstdcxx-time=yes --with-default-libstdcxx-abi=new --enable-gnu-unique-object --disable-libitm --disable-libquadmath --disable-libquadmath-support --enable-plugin --with-system-zlib --with-target-system-zlib --enable-objc-gc=auto --enable-multiarch --disable-sjlj-exceptions --with-arch=armv6 --with-fpu=vfp --with-float=hard --disable-werror --enable-checking=release --build=arm-linux-gnueabihf --host=arm-linux-gnueabihf --target=arm-linux-gnueabihf
Thread model: posix
gcc version 8.3.0 (Raspbian 8.3.0-6+rpi1) 
configure:3354: $? = 0
configure:3343: gcc -V >&5
gcc: error: unrecognized command line option '-V'
gcc: fatal error: no input files
compilation terminated.
configure:3354: $? = 1
configure:3343: gcc -qversion >&5
gcc: error: unrecognized command line option '-qversion'; did you mean '--version'?
gcc: fatal error: no input files
compilation terminated.
configure:3354: $? = 1
configure:3374: checking whether the C compiler works
configure:3396: gcc    conftest.c  >&5
configure:3400: $? = 0
configure:3448: result: yes
configure:3451: checking for C compiler default output file name
configure:3453: result: a.out
configure:3459: checking for suffix of executables
configure:3466: gcc -o conftest    conftest.c  >&5
configure:3470: $? = 0
configure:3492: result: 
configure:3514: checking whether we are cross compiling
configure:3522: gcc -o conftest    conftest.c  >&5
configure:3526: $? = 0
configure:3533: ./conftest
configure:3537: $? = 0
configure:3525: result: no
configure:3530: checking for suffix of object files
configure:3552: gcc -c   conftest.c >&5
configure:3556: $? = 0
configure:3577: result: o
configure:3581: checking whether we are using the GNU C compiler
configure:3600: gcc -c   conftest.c >&5
configure:3600: $? = 0
configure:3609: result: yes
configure:3618: checking whether gcc accepts -g
configure:3638: gcc -c -g  conftest.c >&5
configure:3638: $? = 0
configure:3679: result: yes
configure:3696: checking for gcc option to accept ISO C89
configure:3759: gcc  -c -g -O2  conftest.c >&5
configure:3759: $? = 0
configure:3772: result: none needed
configure:3797: checking whether gcc understands -c and -o together
configure:3819: gcc -c conftest.c -o conftest2.o
configure:3822: $? = 0
configure:3819: gcc -c conftest.c -o conftest2.o
configure:3822: $? = 0
configure:3834: result: yes
configure:3854: checking whether make supports the include directive
configure:3869: make -f confmf.GNU && cat confinc.out
this is the am__doit target
configure:3872: $? = 0
configure:3891: result: yes (GNU style)
configure:3916: checking dependency style of gcc
configure:4027: result: gcc3
configure:4100: checking for g++
configure:4116: found /usr/bin/g++
configure:4127: result: g++
configure:4154: checking for C++ compiler version
configure:4163: g++ --version >&5
g++ (Raspbian 8.3.0-6+rpi1) 8.3.0
Copyright (C) 2018 Free Software Foundation, Inc.
This is free software; see the source for copying conditions.  There is NO
warranty; not even for MERCHANTABILITY or FITNESS FOR A PARTICULAR PURPOSE.

configure:4174: $? = 0
configure:4163: g++ -v >&5
Using built-in specs.
COLLECT_GCC=g++
COLLECT_LTO_WRAPPER=/usr/lib/gcc/arm-linux-gnueabihf/8/lto-wrapper
Target: arm-linux-gnueabihf
Configured with: ../src/configure -v --with-pkgversion='Raspbian 8.3.0-6+rpi1' --with-bugurl=file:///usr/share/doc/gcc-8/README.Bugs --enable-languages=c,ada,c++,go,d,fortran,objc,obj-c++ --prefix=/usr --with-gcc-major-version-only --program-suffix=-8 --program-prefix=arm-linux-gnueabihf- --enable-shared --enable-linker-build-id --libexecdir=/usr/lib --without-included-gettext --enable-threads=posix --libdir=/usr/lib --enable-nls --enable-bootstrap --enable-clocale=gnu --enable-libstdcxx-debug --enable-libstdcxx-time=yes --with-default-libstdcxx-abi=new --enable-gnu-unique-object --disable-libitm --disable-libquadmath --disable-libquadmath-support --enable-plugin --with-system-zlib --with-target-system-zlib --enable-objc-gc=auto --enable-multiarch --disable-sjlj-exceptions --with-arch=armv6 --with-fpu=vfp --with-float=hard --disable-werror --enable-checking=release --build=arm-linux-gnueabihf --host=arm-linux-gnueabihf --target=arm-linux-gnueabihf
Thread model: posix
gcc version 8.3.0 (Raspbian 8.3.0-6+rpi1) 
configure:4174: $? = 0
configure:4163: g++ -V >&5
g++: error: unrecognized command line option '-V'
g++: fatal error: no input files
compilation terminated.
configure:4174: $? = 1
configure:4163: g++ -qversion >&5
g++: error: unrecognized command line option '-qversion'; did you mean '--version'?
g++: fatal error: no input files
compilation terminated.
configure:4174: $? = 1
configure:4178: checking whether we are using the GNU C++ compiler
configure:4197: g++ -c   conftest.cpp >&5
configure:4197: $? = 0
configure:4206: result: yes
configure:4215: checking whether g++ accepts -g
configure:4235: g++ -c -g  conftest.cpp >&5
configure:4235: $? = 0
configure:4276: result: yes
configure:4301: checking dependency style of g++
configure:4412: result: gcc3
configure:4460: checking build system type
configure:4474: result: armv7l-unknown-linux-gnueabihf
configure:4494: checking host system type
configure:4507: result: armv7l-unknown-linux-gnueabihf
configure:4548: checking how to print strings
configure:4575: result: printf
configure:4596: checking for a sed that does not truncate output
configure:4660: result: /bin/sed
configure:4678: checking for grep that handles long lines and -e
configure:4736: result: /bin/grep
configure:4741: checking for egrep
configure:4803: result: /bin/grep -E
configure:4808: checking for fgrep
configure:4870: result: /bin/grep -F
configure:4905: checking for ld used by gcc
configure:4972: result: /usr/bin/ld
configure:4979: checking if the linker (/usr/bin/ld) is GNU ld
configure:4994: result: yes
configure:5006: checking for BSD- or MS-compatible name lister (nm)
configure:5060: result: /usr/bin/nm -B
configure:5190: checking the name lister (/usr/bin/nm -B) interface
configure:5197: gcc -c -g -O2  conftest.c >&5
configure:5200: /usr/bin/nm -B "conftest.o"
configure:5203: output
00000000 B some_variable
configure:5204: result: BSD nm
configure:5207: checking whether ln -s works
configure:5211: result: yes
configure:5219: checking the maximum length of command line arguments
configure:5350: result: 1572864
configure:5398: checking how to convert armv7l-unknown-linux-gnueabihf file names to armv7l-unknown-linux-gnueabihf format
configure:5438: result: func_convert_file_noop
configure:5445: checking how to convert armv7l-unknown-linux-gnueabihf file names to toolchain format
configure:5465: result: func_convert_file_noop
configure:5472: checking for /usr/bin/ld option to reload object files
configure:5479: result: -r
configure:5553: checking for objdump
configure:5569: found /usr/bin/objdump
configure:5580: result: objdump
configure:5612: checking how to recognize dependent libraries
configure:5812: result: pass_all
configure:5897: checking for dlltool
configure:5927: result: no
configure:5957: checking how to associate runtime and link libraries
configure:5984: result: printf %s\n
configure:6045: checking for ar
configure:6061: found /usr/bin/ar
configure:6072: result: ar
configure:6109: checking for archiver @FILE support
configure:6126: gcc -c -g -O2  conftest.c >&5
configure:6126: $? = 0
configure:6129: ar cru libconftest.a @conftest.lst >&5
ar: `u' modifier ignored since `D' is the default (see `U')
configure:6132: $? = 0
configure:6137: ar cru libconftest.a @conftest.lst >&5
ar: `u' modifier ignored since `D' is the default (see `U')
ar: conftest.o: No such file or directory
configure:6140: $? = 1
configure:6139: result: @
configure:6197: checking for strip
configure:6213: found /usr/bin/strip
configure:6224: result: strip
configure:6296: checking for ranlib
configure:6312: found /usr/bin/ranlib
configure:6323: result: ranlib
configure:6425: checking command to parse /usr/bin/nm -B output from gcc object
configure:6578: gcc -c -g -O2  conftest.c >&5
configure:6581: $? = 0
configure:6585: /usr/bin/nm -B conftest.o | sed -n -e 's/^.*[	 ]\([ABCDGIRSTW][ABCDGIRSTW]*\)[	 ][	 ]*\([_A-Za-z][_A-Za-z0-9]*\)$/\1 \2 \2/p' | sed '/ __gnu_lto/d' > conftest.nm
configure:6651: gcc -o conftest -g -O2   conftest.c conftstm.o >&5
configure:6654: $? = 0
configure:6692: result: ok
configure:6739: checking for sysroot
configure:6769: result: no
configure:6776: checking for a working dd
configure:6814: result: /bin/dd
configure:6818: checking how to truncate binary pipes
configure:6833: result: /bin/dd bs=4096 count=1
configure:7162: checking for mt
configure:7178: found /bin/mt
configure:7189: result: mt
configure:7212: checking if mt is a manifest tool
configure:7218: mt '-?'
configure:7226: result: no
configure:7903: checking how to run the C preprocessor
configure:7934: gcc -E  conftest.c
configure:7934: $? = 0
configure:7948: gcc -E  conftest.c
conftest.c:11:10: fatal error: ac_nonexistent.h: No such file or directory
 #include <ac_nonexistent.h>
          ^~~~~~~~~~~~~~~~~~
compilation terminated.
configure:7948: $? = 1
configure: failed program was:
| /* confdefs.h */
| #define PACKAGE_NAME "ssm"
| #define PACKAGE_TARNAME "ssm"
| #define PACKAGE_VERSION "1.0.6"
| #define PACKAGE_STRING "ssm 1.0.6"
| #define PACKAGE_BUGREPORT "platform@roboken.esys.tsukuba.ac.jp"
| #define PACKAGE_URL ""
| #define PACKAGE "ssm"
| #define VERSION "1.0.6"
| /* end confdefs.h.  */
| #include <ac_nonexistent.h>
configure:7973: result: gcc -E
configure:7993: gcc -E  conftest.c
configure:7993: $? = 0
configure:8007: gcc -E  conftest.c
conftest.c:11:10: fatal error: ac_nonexistent.h: No such file or directory
 #include <ac_nonexistent.h>
          ^~~~~~~~~~~~~~~~~~
compilation terminated.
configure:8007: $? = 1
configure: failed program was:
| /* confdefs.h */
| #define PACKAGE_NAME "ssm"
| #define PACKAGE_TARNAME "ssm"
| #define PACKAGE_VERSION "1.0.6"
| #define PACKAGE_STRING "ssm 1.0.6"
| #define PACKAGE_BUGREPORT "platform@roboken.esys.tsukuba.ac.jp"
| #define PACKAGE_URL ""
| #define PACKAGE "ssm"
| #define VERSION "1.0.6"
| /* end confdefs.h.  */
| #include <ac_nonexistent.h>
configure:8036: checking for ANSI C header files
configure:8056: gcc -c -g -O2  conftest.c >&5
configure:8056: $? = 0
configure:8129: gcc -o conftest -g -O2   conftest.c  >&5
configure:8129: $? = 0
configure:8129: ./conftest
configure:8129: $? = 0
configure:8140: result: yes
configure:8153: checking for sys/types.h
configure:8153: gcc -c -g -O2  conftest.c >&5
configure:8153: $? = 0
configure:8153: result: yes
configure:8153: checking for sys/stat.h
configure:8153: gcc -c -g -O2  conftest.c >&5
configure:8153: $? = 0
configure:8153: result: yes
configure:8153: checking for stdlib.h
configure:8153: gcc -c -g -O2  conftest.c >&5
configure:8153: $? = 0
configure:8153: result: yes
configure:8153: checking for string.h
configure:8153: gcc -c -g -O2  conftest.c >&5
configure:8153: $? = 0
configure:8153: result: yes
configure:8153: checking for memory.h
configure:8153: gcc -c -g -O2  conftest.c >&5
configure:8153: $? = 0
configure:8153: result: yes
configure:8153: checking for strings.h
configure:8153: gcc -c -g -O2  conftest.c >&5
configure:8153: $? = 0
configure:8153: result: yes
configure:8153: checking for inttypes.h
configure:8153: gcc -c -g -O2  conftest.c >&5
configure:8153: $? = 0
configure:8153: result: yes
configure:8153: checking for stdint.h
configure:8153: gcc -c -g -O2  conftest.c >&5
configure:8153: $? = 0
configure:8153: result: yes
configure:8153: checking for unistd.h
configure:8153: gcc -c -g -O2  conftest.c >&5
configure:8153: $? = 0
configure:8153: result: yes
configure:8167: checking for dlfcn.h
configure:8167: gcc -c -g -O2  conftest.c >&5
configure:8167: $? = 0
configure:8167: result: yes
configure:8434: checking for objdir
configure:8449: result: .libs
configure:8713: checking if gcc supports -fno-rtti -fno-exceptions
configure:8731: gcc -c -g -O2  -fno-rtti -fno-exceptions conftest.c >&5
cc1: warning: command line option '-fno-rtti' is valid for C++/ObjC++ but not for C
configure:8735: $? = 0
configure:8748: result: no
configure:9106: checking for gcc option to produce PIC
configure:9113: result: -fPIC -DPIC
configure:9121: checking if gcc PIC flag -fPIC -DPIC works
configure:9139: gcc -c -g -O2  -fPIC -DPIC -DPIC conftest.c >&5
configure:9143: $? = 0
configure:9156: result: yes
configure:9185: checking if gcc static flag -static works
configure:9213: result: yes
configure:9228: checking if gcc supports -c -o file.o
configure:9249: gcc -c -g -O2  -o out/conftest2.o conftest.c >&5
configure:9253: $? = 0
configure:9275: result: yes
configure:9283: checking if gcc supports -c -o file.o
configure:9330: result: yes
configure:9363: checking whether the gcc linker (/usr/bin/ld) supports shared libraries
configure:10626: result: yes
configure:10663: checking whether -lc should be explicitly linked in
configure:10671: gcc -c -g -O2  conftest.c >&5
configure:10674: $? = 0
configure:10689: gcc -shared  -fPIC -DPIC conftest.o  -v -Wl,-soname -Wl,conftest -o conftest 2\>\&1 \| /bin/grep  -lc  \>/dev/null 2\>\&1
configure:10692: $? = 0
configure:10706: result: no
configure:10866: checking dynamic linker characteristics
configure:11447: gcc -o conftest -g -O2   -Wl,-rpath -Wl,/foo conftest.c  >&5
configure:11447: $? = 0
configure:11696: result: GNU/Linux ld.so
configure:11818: checking how to hardcode library paths into programs
configure:11843: result: immediate
configure:12391: checking whether stripping libraries is possible
configure:12396: result: yes
configure:12431: checking if libtool supports shared libraries
configure:12433: result: yes
configure:12436: checking whether to build shared libraries
configure:12461: result: yes
configure:12464: checking whether to build static libraries
configure:12468: result: yes
configure:9267: checking how to run the C++ preprocessor
configure:9294: g++ -E  conftest.cpp
configure:9294: $? = 0
configure:9308: g++ -E  conftest.cpp
conftest.cpp:23:10: fatal error: ac_nonexistent.h: No such file or directory
 #include <ac_nonexistent.h>
          ^~~~~~~~~~~~~~~~~~
compilation terminated.
configure:9308: $? = 1
configure: failed program was:
| /* confdefs.h */
| #define PACKAGE_NAME "ssm"
| #define PACKAGE_TARNAME "ssm"
| #define PACKAGE_VERSION "1.0.6"
| #define PACKAGE_STRING "ssm 1.0.6"
| #define PACKAGE_BUGREPORT "platform@roboken.esys.tsukuba.ac.jp"
| #define PACKAGE_URL ""
| #define PACKAGE "ssm"
| #define VERSION "1.0.6"
| #define STDC_HEADERS 1
| #define HAVE_SYS_TYPES_H 1
| #define HAVE_SYS_STAT_H 1
| #define HAVE_STDLIB_H 1
| #define HAVE_STRING_H 1
| #define HAVE_MEMORY_H 1
| #define HAVE_STRINGS_H 1
| #define HAVE_INTTYPES_H 1
| #define HAVE_STDINT_H 1
| #define HAVE_UNISTD_H 1
| #define HAVE_DLFCN_H 1
| #define LT_OBJDIR ".libs/"
| /* end confdefs.h.  */
| #include <ac_nonexistent.h>
configure:9333: result: g++ -E
configure:9353: g++ -E  conftest.cpp
configure:9353: $? = 0
configure:9367: g++ -E  conftest.cpp
conftest.cpp:23:10: fatal error: ac_nonexistent.h: No such file or directory
 #include <ac_nonexistent.h>
          ^~~~~~~~~~~~~~~~~~
compilation terminated.
configure:9367: $? = 1
configure: failed program was:
| /* confdefs.h */
| #define PACKAGE_NAME "ssm"
| #define PACKAGE_TARNAME "ssm"
| #define PACKAGE_VERSION "1.0.6"
| #define PACKAGE_STRING "ssm 1.0.6"
| #define PACKAGE_BUGREPORT "platform@roboken.esys.tsukuba.ac.jp"
| #define PACKAGE_URL ""
| #define PACKAGE "ssm"
| #define VERSION "1.0.6"
| #define STDC_HEADERS 1
| #define HAVE_SYS_TYPES_H 1
| #define HAVE_SYS_STAT_H 1
| #define HAVE_STDLIB_H 1
| #define HAVE_STRING_H 1
| #define HAVE_MEMORY_H 1
| #define HAVE_STRINGS_H 1
| #define HAVE_INTTYPES_H 1
| #define HAVE_STDINT_H 1
| #define HAVE_UNISTD_H 1
| #define HAVE_DLFCN_H 1
| #define LT_OBJDIR ".libs/"
| /* end confdefs.h.  */
| #include <ac_nonexistent.h>
configure:9529: checking for ld used by g++
configure:9596: result: /usr/bin/ld
configure:9603: checking if the linker (/usr/bin/ld) is GNU ld
configure:9618: result: yes
configure:9673: checking whether the g++ linker (/usr/bin/ld) supports shared libraries
configure:10746: result: yes
configure:10782: g++ -c -g -O2  conftest.cpp >&5
configure:10785: $? = 0
configure:11266: checking for g++ option to produce PIC
configure:11273: result: -fPIC -DPIC
configure:11281: checking if g++ PIC flag -fPIC -DPIC works
configure:11299: g++ -c -g -O2  -fPIC -DPIC -DPIC conftest.cpp >&5
configure:11303: $? = 0
configure:11316: result: yes
configure:11339: checking if g++ static flag -static works
configure:11367: result: yes
configure:11379: checking if g++ supports -c -o file.o
configure:11400: g++ -c -g -O2  -o out/conftest2.o conftest.cpp >&5
configure:11404: $? = 0
configure:11426: result: yes
configure:11431: checking if g++ supports -c -o file.o
configure:11478: result: yes
configure:11508: checking whether the g++ linker (/usr/bin/ld) supports shared libraries
configure:11551: result: yes
configure:11692: checking dynamic linker characteristics
configure:12449: result: GNU/Linux ld.so
configure:12514: checking how to hardcode library paths into programs
configure:12539: result: immediate
configure:11433: checking for ANSI C header files
configure:11537: result: yes
configure:11548: checking for sys/types.h
configure:11548: result: yes
configure:11548: checking sys/ipc.h usability
configure:11548: gcc -c -g -O2  conftest.c >&5
configure:11548: $? = 0
configure:11548: result: yes
configure:11548: checking sys/ipc.h presence
configure:11548: gcc -E  conftest.c
configure:11548: $? = 0
configure:11548: result: yes
configure:11548: checking for sys/ipc.h
configure:11548: result: yes
configure:11548: checking sys/shm.h usability
configure:11548: gcc -c -g -O2  conftest.c >&5
configure:11548: $? = 0
configure:11548: result: yes
configure:11548: checking sys/shm.h presence
configure:11548: gcc -E  conftest.c
configure:11548: $? = 0
configure:11548: result: yes
configure:11548: checking for sys/shm.h
configure:11548: result: yes
configure:11548: checking sys/msg.h usability
configure:11548: gcc -c -g -O2  conftest.c >&5
configure:11548: $? = 0
configure:11548: result: yes
configure:11548: checking sys/msg.h presence
configure:11548: gcc -E  conftest.c
configure:11548: $? = 0
configure:11548: result: yes
configure:11548: checking for sys/msg.h
configure:11548: result: yes
configure:11548: checking for unistd.h
configure:11548: result: yes
configure:11560: checking for pid_t
configure:11560: gcc -c -g -O2  conftest.c >&5
configure:11560: $? = 0
configure:11560: gcc -c -g -O2  conftest.c >&5
conftest.c: In function 'main':
conftest.c:65:20: error: expected expression before ')' token
 if (sizeof ((pid_t)))
                    ^
configure:11560: $? = 1
configure: failed program was:
| /* confdefs.h */
| #define PACKAGE_NAME "ssm"
| #define PACKAGE_TARNAME "ssm"
| #define PACKAGE_VERSION "1.0.6"
| #define PACKAGE_STRING "ssm 1.0.6"
| #define PACKAGE_BUGREPORT "platform@roboken.esys.tsukuba.ac.jp"
| #define PACKAGE_URL ""
| #define PACKAGE "ssm"
| #define VERSION "1.0.6"
| #define STDC_HEADERS 1
| #define HAVE_SYS_TYPES_H 1
| #define HAVE_SYS_STAT_H 1
| #define HAVE_STDLIB_H 1
| #define HAVE_STRING_H 1
| #define HAVE_MEMORY_H 1
| #define HAVE_STRINGS_H 1
| #define HAVE_INTTYPES_H 1
| #define HAVE_STDINT_H 1
| #define HAVE_UNISTD_H 1
| #define HAVE_DLFCN_H 1
| #define LT_OBJDIR ".libs/"
| #define STDC_HEADERS 1
| #define HAVE_SYS_TYPES_H 1
| #define HAVE_SYS_IPC_H 1
| #define HAVE_SYS_SHM_H 1
| #define HAVE_SYS_MSG_H 1
| #define HAVE_UNISTD_H 1
| /* end confdefs.h.  */
| #include <stdio.h>
| #ifdef HAVE_SYS_TYPES_H
| # include <sys/types.h>
| #endif
| #ifdef HAVE_SYS_STAT_H
| # include <sys/stat.h>
| #endif
| #ifdef STDC_HEADERS
| # include <stdlib.h>
| # include <stddef.h>
| #else
| # ifdef HAVE_STDLIB_H
| #  include <stdlib.h>
| # endif
| #endif
| #ifdef HAVE_STRING_H
| # if !defined STDC_HEADERS && defined HAVE_MEMORY_H
| #  include <memory.h>
| # endif
| # include <string.h>
| #endif
| #ifdef HAVE_STRINGS_H
| # include <strings.h>
| #endif
| #ifdef HAVE_INTTYPES_H
| # include <inttypes.h>
| #endif
| #ifdef HAVE_STDINT_H
| # include <stdint.h>
| #endif
| #ifdef HAVE_UNISTD_H
| # include <unistd.h>
| #endif
| int
| main ()
| {
| if (sizeof ((pid_t)))
| 	    return 0;
|   ;
|   return 0;
| }
configure:11560: result: yes
configure:11571: checking for size_t
configure:11571: gcc -c -g -O2  conftest.c >&5
configure:11571: $? = 0
configure:11571: gcc -c -g -O2  conftest.c >&5
conftest.c: In function 'main':
conftest.c:65:21: error: expected expression before ')' token
 if (sizeof ((size_t)))
                     ^
configure:11571: $? = 1
configure: failed program was:
| /* confdefs.h */
| #define PACKAGE_NAME "ssm"
| #define PACKAGE_TARNAME "ssm"
| #define PACKAGE_VERSION "1.0.6"
| #define PACKAGE_STRING "ssm 1.0.6"
| #define PACKAGE_BUGREPORT "platform@roboken.esys.tsukuba.ac.jp"
| #define PACKAGE_URL ""
| #define PACKAGE "ssm"
| #define VERSION "1.0.6"
| #define STDC_HEADERS 1
| #define HAVE_SYS_TYPES_H 1
| #define HAVE_SYS_STAT_H 1
| #define HAVE_STDLIB_H 1
| #define HAVE_STRING_H 1
| #define HAVE_MEMORY_H 1
| #define HAVE_STRINGS_H 1
| #define HAVE_INTTYPES_H 1
| #define HAVE_STDINT_H 1
| #define HAVE_UNISTD_H 1
| #define HAVE_DLFCN_H 1
| #define LT_OBJDIR ".libs/"
| #define STDC_HEADERS 1
| #define HAVE_SYS_TYPES_H 1
| #define HAVE_SYS_IPC_H 1
| #define HAVE_SYS_SHM_H 1
| #define HAVE_SYS_MSG_H 1
| #define HAVE_UNISTD_H 1
| /* end confdefs.h.  */
| #include <stdio.h>
| #ifdef HAVE_SYS_TYPES_H
| # include <sys/types.h>
| #endif
| #ifdef HAVE_SYS_STAT_H
| # include <sys/stat.h>
| #endif
| #ifdef STDC_HEADERS
| # include <stdlib.h>
| # include <stddef.h>
| #else
| # ifdef HAVE_STDLIB_H
| #  include <stdlib.h>
| # endif
| #endif
| #ifdef HAVE_STRING_H
| # if !defined STDC_HEADERS && defined HAVE_MEMORY_H
| #  include <memory.h>
| # endif
| # include <string.h>
| #endif
| #ifdef HAVE_STRINGS_H
| # include <strings.h>
| #endif
| #ifdef HAVE_INTTYPES_H
| # include <inttypes.h>
| #endif
| #ifdef HAVE_STDINT_H
| # include <stdint.h>
| #endif
| #ifdef HAVE_UNISTD_H
| # include <unistd.h>
| #endif
| int
| main ()
| {
| if (sizeof ((size_t)))
| 	    return 0;
|   ;
|   return 0;
| }
configure:11571: result: yes
configure:11582: checking whether time.h and sys/time.h may both be included
configure:11602: gcc -c -g -O2  conftest.c >&5
configure:11602: $? = 0
configure:11609: result: yes
configure:11621: checking for stdlib.h
configure:11621: result: yes
configure:11631: checking for GNU libc compatible malloc
configure:11655: gcc -o conftest -g -O2   conftest.c  >&5
configure:11655: $? = 0
configure:11655: ./conftest
configure:11655: $? = 0
configure:11665: result: yes
configure:11686: checking for working strtod
configure:11727: gcc -o conftest -g -O2   conftest.c  >&5
configure:11727: $? = 0
configure:11727: ./conftest
configure:11727: $? = 0
configure:11737: result: yes
configure:11801: checking for clock_gettime  in -lrt
configure:11826: gcc -o conftest -g -O2   conftest.c -lrt   >&5
configure:11826: $? = 0
configure:11835: result: yes
configure:11876: checking for ldconfig
configure:11894: found /sbin/ldconfig
configure:11907: result: /sbin/ldconfig
configure:12042: checking that generated files are newer than configure
configure:12048: result: done
configure:12075: creating ./config.status

## ---------------------- ##
## Running config.status. ##
## ---------------------- ##

This file was extended by ssm config.status 1.0.6, which was
generated by GNU Autoconf 2.69.  Invocation command line was

  CONFIG_FILES    = 
  CONFIG_HEADERS  = 
  CONFIG_LINKS    = 
  CONFIG_COMMANDS = 
  $ ./config.status 

on raspberrypi

config.status:1162: creating Makefile
config.status:1162: creating include/Makefile
config.status:1162: creating src/Makefile
config.status:1162: creating utilities/Makefile
config.status:1162: creating samples/Makefile
config.status:1162: creating samples/C_Sample/Makefile
config.status:1162: creating samples/Cpp_Sample/Makefile
config.status:1162: creating include/config.h
config.status:1343: include/config.h is unchanged
config.status:1391: executing depfiles commands
config.status:1468: cd src       && sed -e '/# am--include-marker/d' Makefile         | make -f - am--depfiles
make: Nothing to be done for 'am--depfiles'.
config.status:1473: $? = 0
config.status:1468: cd utilities       && sed -e '/# am--include-marker/d' Makefile         | make -f - am--depfiles
make: Nothing to be done for 'am--depfiles'.
config.status:1473: $? = 0
config.status:1468: cd samples/C_Sample       && sed -e '/# am--include-marker/d' Makefile         | make -f - am--depfiles
make: Nothing to be done for 'am--depfiles'.
config.status:1473: $? = 0
config.status:1468: cd samples/Cpp_Sample       && sed -e '/# am--include-marker/d' Makefile         | make -f - am--depfiles
make: Nothing to be done for 'am--depfiles'.
config.status:1473: $? = 0
config.status:1391: executing libtool commands

## ---------------- ##
## Cache variables. ##
## ---------------- ##

ac_cv_build=armv7l-unknown-linux-gnueabihf
ac_cv_c_compiler_gnu=yes
ac_cv_cxx_compiler_gnu=yes
ac_cv_env_CCC_set=
ac_cv_env_CCC_value=
ac_cv_env_CC_set=
ac_cv_env_CC_value=
ac_cv_env_CFLAGS_set=
ac_cv_env_CFLAGS_value=
ac_cv_env_CPPFLAGS_set=
ac_cv_env_CPPFLAGS_value=
ac_cv_env_CPP_set=
ac_cv_env_CPP_value=
ac_cv_env_CXXCPP_set=
ac_cv_env_CXXCPP_value=
ac_cv_env_CXXFLAGS_set=
ac_cv_env_CXXFLAGS_value=
ac_cv_env_CXX_set=
ac_cv_env_CXX_value=
ac_cv_env_LDFLAGS_set=
ac_cv_env_LDFLAGS_value=
ac_cv_env_LIBS_set=
ac_cv_env_LIBS_value=
ac_cv_env_LT_SYS_LIBRARY_PATH_set=
ac_cv_env_LT_SYS_LIBRARY_PATH_value=
ac_cv_env_build_alias_set=
ac_cv_env_build_alias_value=
ac_cv_env_host_alias_set=
ac_cv_env_host_alias_value=
ac_cv_env_target_alias_set=
ac_cv_env_target_alias_value=
ac_cv_func_malloc_0_nonnull=yes
ac_cv_func_strtod=yes
ac_cv_header_dlfcn_h=yes
ac_cv_header_inttypes_h=yes
ac_cv_header_memory_h=yes
ac_cv_header_stdc=yes
ac_cv_header_stdint_h=yes
ac_cv_header_stdlib_h=yes
ac_cv_header_string_h=yes
ac_cv_header_strings_h=yes
ac_cv_header_sys_ipc_h=yes
ac_cv_header_sys_msg_h=yes
ac_cv_header_sys_shm_h=yes
ac_cv_header_sys_stat_h=yes
ac_cv_header_sys_types_h=yes
ac_cv_header_time=yes
ac_cv_header_unistd_h=yes
ac_cv_host=armv7l-unknown-linux-gnueabihf
ac_cv_lib_rt_clock_gettime_=yes
ac_cv_objext=o
ac_cv_path_EGREP='/bin/grep -E'
ac_cv_path_FGREP='/bin/grep -F'
ac_cv_path_GREP=/bin/grep
ac_cv_path_LDCONFIG=/sbin/ldconfig
ac_cv_path_SED=/bin/sed
ac_cv_path_install='/usr/bin/install -c'
ac_cv_path_lt_DD=/bin/dd
ac_cv_path_mkdir=/bin/mkdir
ac_cv_prog_AWK=mawk
ac_cv_prog_CPP='gcc -E'
ac_cv_prog_CXXCPP='g++ -E'
ac_cv_prog_ac_ct_AR=ar
ac_cv_prog_ac_ct_CC=gcc
ac_cv_prog_ac_ct_CXX=g++
ac_cv_prog_ac_ct_MANIFEST_TOOL=mt
ac_cv_prog_ac_ct_OBJDUMP=objdump
ac_cv_prog_ac_ct_RANLIB=ranlib
ac_cv_prog_ac_ct_STRIP=strip
ac_cv_prog_cc_c89=
ac_cv_prog_cc_g=yes
ac_cv_prog_cxx_g=yes
ac_cv_prog_make_make_set=yes
ac_cv_type_pid_t=yes
ac_cv_type_size_t=yes
am_cv_CC_dependencies_compiler_type=gcc3
am_cv_CXX_dependencies_compiler_type=gcc3
am_cv_make_support_nested_variables=yes
am_cv_prog_cc_c_o=yes
lt_cv_ar_at_file=@
lt_cv_archive_cmds_need_lc=no
lt_cv_deplibs_check_method=pass_all
lt_cv_file_magic_cmd='$MAGIC_CMD'
lt_cv_file_magic_test_file=
lt_cv_ld_reload_flag=-r
lt_cv_nm_interface='BSD nm'
lt_cv_objdir=.libs
lt_cv_path_LD=/usr/bin/ld
lt_cv_path_LDCXX=/usr/bin/ld
lt_cv_path_NM='/usr/bin/nm -B'
lt_cv_path_mainfest_tool=no
lt_cv_prog_compiler_c_o=yes
lt_cv_prog_compiler_c_o_CXX=yes
lt_cv_prog_compiler_pic='-fPIC -DPIC'
lt_cv_prog_compiler_pic_CXX='-fPIC -DPIC'
lt_cv_prog_compiler_pic_works=yes
lt_cv_prog_compiler_pic_works_CXX=yes
lt_cv_prog_compiler_rtti_exceptions=no
lt_cv_prog_compiler_static_works=yes
lt_cv_prog_compiler_static_works_CXX=yes
lt_cv_prog_gnu_ld=yes
lt_cv_prog_gnu_ldcxx=yes
lt_cv_sharedlib_from_linklib_cmd='printf %s\n'
lt_cv_shlibpath_overrides_runpath=yes
lt_cv_sys_global_symbol_pipe='sed -n -e '\''s/^.*[	 ]\([ABCDGIRSTW][ABCDGIRSTW]*\)[	 ][	 ]*\([_A-Za-z][_A-Za-z0-9]*\)$/\1 \2 \2/p'\'' | sed '\''/ __gnu_lto/d'\'''
lt_cv_sys_global_symbol_to_c_name_address='sed -n -e '\''s/^: \(.*\) .*$/  {"\1", (void *) 0},/p'\'' -e '\''s/^[ABCDGIRSTW][ABCDGIRSTW]* .* \(.*\)$/  {"\1", (void *) \&\1},/p'\'''
lt_cv_sys_global_symbol_to_c_name_address_lib_prefix='sed -n -e '\''s/^: \(.*\) .*$/  {"\1", (void *) 0},/p'\'' -e '\''s/^[ABCDGIRSTW][ABCDGIRSTW]* .* \(lib.*\)$/  {"\1", (void *) \&\1},/p'\'' -e '\''s/^[ABCDGIRSTW][ABCDGIRSTW]* .* \(.*\)$/  {"lib\1", (void *) \&\1},/p'\'''
lt_cv_sys_global_symbol_to_cdecl='sed -n -e '\''s/^T .* \(.*\)$/extern int \1();/p'\'' -e '\''s/^[ABCDGIRSTW][ABCDGIRSTW]* .* \(.*\)$/extern char \1;/p'\'''
lt_cv_sys_global_symbol_to_import=
lt_cv_sys_max_cmd_len=1572864
lt_cv_to_host_file_cmd=func_convert_file_noop
lt_cv_to_tool_file_cmd=func_convert_file_noop
lt_cv_truncate_bin='/bin/dd bs=4096 count=1'

## ----------------- ##
## Output variables. ##
## ----------------- ##

ACLOCAL='${SHELL} /home/pi/GitUDPDSSM/missing aclocal-1.16'
AMDEPBACKSLASH='\'
AMDEP_FALSE='#'
AMDEP_TRUE=''
AMTAR='$${TAR-tar}'
AM_BACKSLASH='\'
AM_DEFAULT_V='$(AM_DEFAULT_VERBOSITY)'
AM_DEFAULT_VERBOSITY='1'
AM_V='$(V)'
AR='ar'
AUTOCONF='${SHELL} /home/pi/GitUDPDSSM/missing autoconf'
AUTOHEADER='${SHELL} /home/pi/GitUDPDSSM/missing autoheader'
AUTOMAKE='${SHELL} /home/pi/GitUDPDSSM/missing automake-1.16'
AWK='mawk'
CC='gcc'
CCDEPMODE='depmode=gcc3'
CFLAGS='-g -O2 -Wall -O2'
CPP='gcc -E'
CPPFLAGS=''
CXX='g++'
CXXCPP='g++ -E'
CXXDEPMODE='depmode=gcc3'
CXXFLAGS='-g -O2 -Wall -O2'
CYGPATH_W='echo'
DEFS='-DHAVE_CONFIG_H'
DEPDIR='.deps'
DLLTOOL='false'
DSYMUTIL=''
DUMPBIN=''
ECHO_C=''
ECHO_N='-n'
ECHO_T=''
EGREP='/bin/grep -E'
EXEEXT=''
FGREP='/bin/grep -F'
GREP='/bin/grep'
INSTALL_DATA='${INSTALL} -m 644'
INSTALL_PROGRAM='${INSTALL}'
INSTALL_SCRIPT='${INSTALL}'
INSTALL_STRIP_PROGRAM='$(install_sh) -c -s'
LD='/usr/bin/ld'
LDCONFIG='/sbin/ldconfig'
LDFLAGS=''
LD_LIBRT=''
LIBOBJS=''
LIBS='-lrt '
LIBTOOL='$(SHELL) $(top_builddir)/libtool'
LIPO=''
LN_S='ln -s'
LTLIBOBJS=''
LT_SYS_LIBRARY_PATH=''
MAKEINFO='${SHELL} /home/pi/GitUDPDSSM/missing makeinfo'
MANIFEST_TOOL=':'
MKDIR_P='/bin/mkdir -p'
NM='/usr/bin/nm -B'
NMEDIT=''
OBJDUMP='objdump'
OBJEXT='o'
OTOOL64=''
OTOOL=''
PACKAGE='ssm'
PACKAGE_BUGREPORT='platform@roboken.esys.tsukuba.ac.jp'
PACKAGE_NAME='ssm'
PACKAGE_STRING='ssm 1.0.6'
PACKAGE_TARNAME='ssm'
PACKAGE_URL=''
PACKAGE_VERSION='1.0.6'
PATH_SEPARATOR=':'
POW_LIB=''
RANLIB='ranlib'
SED='/bin/sed'
SET_MAKE=''
SHELL='/bin/bash'
STRIP='strip'
VERSION='1.0.6'
ac_ct_AR='ar'
ac_ct_CC='gcc'
ac_ct_CXX='g++'
ac_ct_DUMPBIN=''
am__EXEEXT_FALSE=''
am__EXEEXT_TRUE='#'
am__fastdepCC_FALSE='#'
am__fastdepCC_TRUE=''
am__fastdepCXX_FALSE='#'
am__fastdepCXX_TRUE=''
am__include='include'
am__isrc=''
am__leading_dot='.'
am__nodep='_no'
am__quote=''
am__tar='$${TAR-tar} chof - "$$tardir"'
am__untar='$${TAR-tar} xf -'
bindir='${exec_prefix}/bin'
build='armv7l-unknown-linux-gnueabihf'
build_alias=''
build_cpu='armv7l'
build_os='linux-gnueabihf'
build_vendor='unknown'
datadir='${datarootdir}'
datarootdir='${prefix}/share'
docdir='${datarootdir}/doc/${PACKAGE_TARNAME}'
dvidir='${docdir}'
exec_prefix='${prefix}'
host='armv7l-unknown-linux-gnueabihf'
host_alias=''
host_cpu='armv7l'
host_os='linux-gnueabihf'
host_vendor='unknown'
htmldir='${docdir}'
includedir='${prefix}/include'
infodir='${datarootdir}/info'
install_sh='${SHELL} /home/pi/GitUDPDSSM/install-sh'
libdir='${exec_prefix}/lib'
libexecdir='${exec_prefix}/libexec'
localedir='${datarootdir}/locale'
localstatedir='${prefix}/var'
mandir='${datarootdir}/man'
mkdir_p='$(MKDIR_P)'
oldincludedir='/usr/include'
pdfdir='${docdir}'
prefix='/usr/local'
program_transform_name='s,x,x,'
psdir='${docdir}'
runstatedir='${localstatedir}/run'
sbindir='${exec_prefix}/sbin'
sharedstatedir='${prefix}/com'
sysconfdir='${prefix}/etc'
target_alias=''

## ----------- ##
## confdefs.h. ##
## ----------- ##

/* confdefs.h */
#define PACKAGE_NAME "ssm"
#define PACKAGE_TARNAME "ssm"
#define PACKAGE_VERSION "1.0.6"
#define PACKAGE_STRING "ssm 1.0.6"
#define PACKAGE_BUGREPORT "platform@roboken.esys.tsukuba.ac.jp"
#define PACKAGE_URL ""
#define PACKAGE "ssm"
#define VERSION "1.0.6"
#define STDC_HEADERS 1
#define HAVE_SYS_TYPES_H 1
#define HAVE_SYS_STAT_H 1
#define HAVE_STDLIB_H 1
#define HAVE_STRING_H 1
#define HAVE_MEMORY_H 1
#define HAVE_STRINGS_H 1
#define HAVE_INTTYPES_H 1
#define HAVE_STDINT_H 1
#define HAVE_UNISTD_H 1
#define HAVE_DLFCN_H 1
#define LT_OBJDIR ".libs/"
#define STDC_HEADERS 1
#define HAVE_SYS_TYPES_H 1
#define HAVE_SYS_IPC_H 1
#define HAVE_SYS_SHM_H 1
#define HAVE_SYS_MSG_H 1
#define HAVE_UNISTD_H 1
#define TIME_WITH_SYS_TIME 1
#define HAVE_STDLIB_H 1
#define HAVE_MALLOC 1
#define HAVE_LIBRT 1

configure: exit 0
